<?xml version="1.0" encoding="UTF-8"?>
<!-- Generated by org.testng.reporters.JUnitReportReporter -->
<testsuite hostname="ADMINRG-931HVS9" failures="0" tests="2" name="qaclickacademy.mavenjava.SeleniumTest" time="0.007" errors="0" timestamp="2021-09-01T16:21:01 IST" skipped="0">
  <testcase classname="qaclickacademy.mavenjava.SeleniumTest" name="elementsUI" time="0.000"/>
  <system-out/>
  <testcase classname="qaclickacademy.mavenjava.SeleniumTest" name="BrowserAutomation" time="0.007"/>
  <system-out/>
</testsuite> <!-- qaclickacademy.mavenjava.SeleniumTest -->
