<?xml version="1.0" encoding="UTF-8"?>
<!-- Generated by org.testng.reporters.JUnitReportReporter -->
<testsuite hostname="ADMINRG-931HVS9" failures="0" tests="2" name="qaclickacademy.mavenjava.AppiumTest" time="0.001" errors="0" timestamp="2021-09-01T16:20:31 IST" skipped="0">
  <testcase classname="qaclickacademy.mavenjava.AppiumTest" name="IosApps" time="0.000"/>
  <system-out/>
  <testcase classname="qaclickacademy.mavenjava.AppiumTest" name="NagtiveAppAndroid" time="0.001"/>
  <system-out/>
</testsuite> <!-- qaclickacademy.mavenjava.AppiumTest -->
