<?xml version="1.0" encoding="UTF-8"?>
<!-- Generated by org.testng.reporters.JUnitReportReporter -->
<testsuite hostname="ADMINRG-931HVS9" failures="0" tests="2" name="qaclickacademy.mavenjava.RestAPITest" time="0.000" errors="0" timestamp="2021-09-01T16:21:01 IST" skipped="0">
  <testcase classname="qaclickacademy.mavenjava.RestAPITest" name="deleteTwitter" time="0.000"/>
  <system-out/>
  <testcase classname="qaclickacademy.mavenjava.RestAPITest" name="postJira" time="0.000"/>
  <system-out/>
</testsuite> <!-- qaclickacademy.mavenjava.RestAPITest -->
